Using pre-set license
Built from '2020.3/release' branch; Version is '2020.3.15f2 (6cf78cb77498) revision 7141260'; Using compiler version '192528614'; Build Type 'Release'
OS: 'Windows 10 Home; OS build 19043.1237; Version 2009; 64bit' Language: 'en' Physical Memory: 16321 MB
BatchMode: 1, IsHumanControllingUs: 0, StartBugReporterOnCrash: 0, Is64bit: 1, IsPro: 0

 COMMAND LINE ARGUMENTS:
C:\Program Files\Unity\Hub\Editor\2020.3.15f2\Editor\Unity.exe
-adb2
-batchMode
-noUpm
-name
AssetImportWorker0
-projectPath
F:/gladiator git/Gladiator game/new-gladiator-version
-logFile
Logs/AssetImportWorker0.log
-srvPort
53589
Successfully changed project path to: F:/gladiator git/Gladiator game/new-gladiator-version
F:/gladiator git/Gladiator game/new-gladiator-version
Using Asset Import Pipeline V2.
Refreshing native plugins compatible for Editor in 262.04 ms, found 3 plugins.
Preloading 0 native plugins for Editor in 0.00 ms.
Initialize engine version: 2020.3.15f2 (6cf78cb77498)
[Subsystems] Discovering subsystems at path C:/Program Files/Unity/Hub/Editor/2020.3.15f2/Editor/Data/Resources/UnitySubsystems
[Subsystems] Discovering subsystems at path F:/gladiator git/Gladiator game/new-gladiator-version/Assets
GfxDevice: creating device client; threaded=0
Direct3D:
    Version:  Direct3D 11.0 [level 11.1]
    Renderer: NVIDIA GeForce GTX 1660 SUPER (ID=0x21c4)
    Vendor:   
    VRAM:     5991 MB
    Driver:   30.0.14.7168
Initialize mono
Mono path[0] = 'C:/Program Files/Unity/Hub/Editor/2020.3.15f2/Editor/Data/Managed'
Mono path[1] = 'C:/Program Files/Unity/Hub/Editor/2020.3.15f2/Editor/Data/MonoBleedingEdge/lib/mono/unityjit'
Mono config path = 'C:/Program Files/Unity/Hub/Editor/2020.3.15f2/Editor/Data/MonoBleedingEdge/etc'
Using monoOptions --debugger-agent=transport=dt_socket,embedding=1,server=y,suspend=n,address=127.0.0.1:56856
Begin MonoManager ReloadAssembly
Registering precompiled unity dll's ...
Register platform support module: C:/Program Files/Unity/Hub/Editor/2020.3.15f2/Editor/Data/PlaybackEngines/WebGLSupport/UnityEditor.WebGL.Extensions.dll
Register platform support module: C:/Program Files/Unity/Hub/Editor/2020.3.15f2/Editor/Data/PlaybackEngines/WindowsStandaloneSupport/UnityEditor.WindowsStandalone.Extensions.dll
Registered in 0.002228 seconds.
Native extension for WindowsStandalone target not found
Native extension for WebGL target not found
Refreshing native plugins compatible for Editor in 36.26 ms, found 3 plugins.
Preloading 0 native plugins for Editor in 0.00 ms.
Mono: successfully reloaded assembly
- Completed reload, in  1.807 seconds
Domain Reload Profiling:
	ReloadAssembly (1808ms)
		BeginReloadAssembly (43ms)
			ExecutionOrderSort (0ms)
			DisableScriptedObjects (0ms)
			BackupInstance (0ms)
			ReleaseScriptingObjects (0ms)
			CreateAndSetChildDomain (1ms)
		EndReloadAssembly (349ms)
			LoadAssemblies (42ms)
			RebuildTransferFunctionScriptingTraits (0ms)
			SetupTypeCache (125ms)
			ReleaseScriptCaches (0ms)
			RebuildScriptCaches (25ms)
			SetupLoadedEditorAssemblies (137ms)
				LogAssemblyErrors (0ms)
				InitializePlatformSupportModulesInManaged (4ms)
				SetLoadedEditorAssemblies (0ms)
				RefreshPlugins (36ms)
				BeforeProcessingInitializeOnLoad (11ms)
				ProcessInitializeOnLoadAttributes (64ms)
				ProcessInitializeOnLoadMethodAttributes (22ms)
				AfterProcessingInitializeOnLoad (0ms)
				EditorAssembliesLoaded (0ms)
			ExecutionOrderSort2 (0ms)
			AwakeInstancesAfterBackupRestoration (0ms)
Platform modules already initialized, skipping
Registering precompiled user dll's ...
Registered in 0.007283 seconds.
Begin MonoManager ReloadAssembly
Native extension for WindowsStandalone target not found
Native extension for WebGL target not found
Refreshing native plugins compatible for Editor in 38.30 ms, found 3 plugins.
Preloading 0 native plugins for Editor in 0.00 ms.
Mono: successfully reloaded assembly
- Completed reload, in  1.179 seconds
Domain Reload Profiling:
	ReloadAssembly (1180ms)
		BeginReloadAssembly (148ms)
			ExecutionOrderSort (0ms)
			DisableScriptedObjects (5ms)
			BackupInstance (0ms)
			ReleaseScriptingObjects (0ms)
			CreateAndSetChildDomain (22ms)
		EndReloadAssembly (957ms)
			LoadAssemblies (81ms)
			RebuildTransferFunctionScriptingTraits (0ms)
			SetupTypeCache (314ms)
			ReleaseScriptCaches (1ms)
			RebuildScriptCaches (44ms)
			SetupLoadedEditorAssemblies (398ms)
				LogAssemblyErrors (0ms)
				InitializePlatformSupportModulesInManaged (3ms)
				SetLoadedEditorAssemblies (0ms)
				RefreshPlugins (38ms)
				BeforeProcessingInitializeOnLoad (78ms)
				ProcessInitializeOnLoadAttributes (260ms)
				ProcessInitializeOnLoadMethodAttributes (12ms)
				AfterProcessingInitializeOnLoad (6ms)
				EditorAssembliesLoaded (0ms)
			ExecutionOrderSort2 (0ms)
			AwakeInstancesAfterBackupRestoration (8ms)
Platform modules already initialized, skipping
========================================================================
Worker process is ready to serve import requests
Launched and connected shader compiler UnityShaderCompiler.exe after 0.05 seconds
Refreshing native plugins compatible for Editor in 0.48 ms, found 3 plugins.
Preloading 0 native plugins for Editor in 0.00 ms.
Unloading 2095 Unused Serialized files (Serialized files now loaded: 0)
System memory in use before: 93.2 MB.
System memory in use after: 93.3 MB.

Unloading 28 unused Assets to reduce memory usage. Loaded Objects now: 2535.
Total: 2.653500 ms (FindLiveObjects: 0.286500 ms CreateObjectMapping: 0.085100 ms MarkObjects: 2.104900 ms  DeleteObjects: 0.175800 ms)

AssetImportParameters requested are different than current active one (requested -> active):
  custom:framework-win-MediaFoundation: 216162199b28c13a410421893ffa2e32 -> 
  custom:video-decoder-ogg-theora: a1e56fd34408186e4bbccfd4996cb3dc -> 
  custom:container-muxer-webm: aa71ff27fc2769a1b78a27578f13a17b -> 
  custom:container-demuxer-webm: 4f35f7cbe854078d1ac9338744f61a02 -> 
  custom:container-demuxer-ogg: 62fdf1f143b41e24485cea50d1cbac27 -> 
  custom:video-encoder-webm-vp8: eb34c28f22e8b96e1ab97ce403110664 -> 
  custom:video-codec-MediaFoundation-h265: 746d11721c4dcdbdad8f713fa42b33f4 -> 
  custom:video-decoder-webm-vp8: 9c59270c3fd7afecdb556c50c9e8de78 -> 
  custom:audio-decoder-ogg-vorbis: bf7c407c2cedff20999df2af8eb42d56 -> 
  custom:audio-encoder-webm-vorbis: bf7c407c2cedff20999df2af8eb42d56 -> 
========================================================================
Received Import Request.
  path: Assets/Scenes
  artifactKey: Guid(6732ad27c910df94c93ad3464c013485) Importer(815301076,1909f56bfc062723c751e8b465ee728b)
Start importing Assets/Scenes using Guid(6732ad27c910df94c93ad3464c013485) Importer(815301076,1909f56bfc062723c751e8b465ee728b)  -> (artifact id: '4f38b6cfe02b8e40c732eb2f19e8a838') in 0.047774 seconds 
  Import took 0.050936 seconds .

========================================================================
Received Import Request.
  Time since last request: 0.000196 seconds.
  path: Assets/Scenes/SampleScene.unity
  artifactKey: Guid(2cda990e2423bbf4892e6590ba056729) Importer(815301076,1909f56bfc062723c751e8b465ee728b)
Start importing Assets/Scenes/SampleScene.unity using Guid(2cda990e2423bbf4892e6590ba056729) Importer(815301076,1909f56bfc062723c751e8b465ee728b)  -> (artifact id: 'd3c9c89fd509820b3b91b5bbd86bcd34') in 0.031848 seconds 
  Import took 0.034600 seconds .

========================================================================
Received Import Request.
  Time since last request: 14.006433 seconds.
  path: Assets/Scenes/menu.unity
  artifactKey: Guid(3d66b3670b6895549bd86528395e1c7a) Importer(815301076,1909f56bfc062723c751e8b465ee728b)
Start importing Assets/Scenes/menu.unity using Guid(3d66b3670b6895549bd86528395e1c7a) Importer(815301076,1909f56bfc062723c751e8b465ee728b)  -> (artifact id: 'b96e976d79c211ec4613f196b2b50e2a') in 0.024861 seconds 
  Import took 0.027842 seconds .

========================================================================
Received Import Request.
  Time since last request: 136.587819 seconds.
  path: Assets/Sprite
  artifactKey: Guid(041029f23b210af49a9d0223b8730113) Importer(815301076,1909f56bfc062723c751e8b465ee728b)
Start importing Assets/Sprite using Guid(041029f23b210af49a9d0223b8730113) Importer(815301076,1909f56bfc062723c751e8b465ee728b)  -> (artifact id: '71debc7c2ccf21f8558c085bfef14181') in 0.023531 seconds 
  Import took 0.026498 seconds .

========================================================================
Received Import Request.
  Time since last request: 0.738307 seconds.
  path: Assets/Sprite/Circle.png
  artifactKey: Guid(6a87fdf187a19c44c922c870cb5b36ed) Importer(815301076,1909f56bfc062723c751e8b465ee728b)
Start importing Assets/Sprite/Circle.png using Guid(6a87fdf187a19c44c922c870cb5b36ed) Importer(815301076,1909f56bfc062723c751e8b465ee728b)  -> (artifact id: '4f8a4cdabf94f69da64f3c278d9ac829') in 0.088898 seconds 
  Import took 0.091979 seconds .

========================================================================
Received Import Request.
  Time since last request: 0.000156 seconds.
  path: Assets/Sprite/Enemy Sprite.png
  artifactKey: Guid(adc433df9f673444fb81032541ec4e5f) Importer(815301076,1909f56bfc062723c751e8b465ee728b)
Start importing Assets/Sprite/Enemy Sprite.png using Guid(adc433df9f673444fb81032541ec4e5f) Importer(815301076,1909f56bfc062723c751e8b465ee728b)  -> (artifact id: '19de6702b50ff3493550f9a10cfc3352') in 0.059351 seconds 
  Import took 0.061962 seconds .

========================================================================
Received Import Request.
  Time since last request: 0.000164 seconds.
  path: Assets/Sprite/player sprite no bg.png
  artifactKey: Guid(f20b60116d4b4e6449cf6dad8ae06678) Importer(815301076,1909f56bfc062723c751e8b465ee728b)
Start importing Assets/Sprite/player sprite no bg.png using Guid(f20b60116d4b4e6449cf6dad8ae06678) Importer(815301076,1909f56bfc062723c751e8b465ee728b)  -> (artifact id: '61f92d3d7c19a626978e4081325bce4c') in 0.041601 seconds 
  Import took 0.044247 seconds .

========================================================================
Received Import Request.
  Time since last request: 0.000157 seconds.
  path: Assets/Sprite/sword.png
  artifactKey: Guid(741a05e7fa9c7de47a33f4c8f9e02692) Importer(815301076,1909f56bfc062723c751e8b465ee728b)
Start importing Assets/Sprite/sword.png using Guid(741a05e7fa9c7de47a33f4c8f9e02692) Importer(815301076,1909f56bfc062723c751e8b465ee728b)  -> (artifact id: '017744ac8ef45e2da99f790623b5ca62') in 0.031680 seconds 
  Import took 0.034476 seconds .

========================================================================
Received Import Request.
  Time since last request: 0.000177 seconds.
  path: Assets/Sprite/swordFilled.jpg
  artifactKey: Guid(8a4419bb13e34644695b941eb53792d0) Importer(815301076,1909f56bfc062723c751e8b465ee728b)
Start importing Assets/Sprite/swordFilled.jpg using Guid(8a4419bb13e34644695b941eb53792d0) Importer(815301076,1909f56bfc062723c751e8b465ee728b)  -> (artifact id: '4d1c69318a11c20b4485df386916ebeb') in 0.033684 seconds 
  Import took 0.036417 seconds .

========================================================================
Received Import Request.
  Time since last request: 0.000177 seconds.
  path: Assets/Sprite/Diamond.png
  artifactKey: Guid(025afaae58f904741a32333801b17982) Importer(815301076,1909f56bfc062723c751e8b465ee728b)
Start importing Assets/Sprite/Diamond.png using Guid(025afaae58f904741a32333801b17982) Importer(815301076,1909f56bfc062723c751e8b465ee728b)  -> (artifact id: '6506071f1f8e5d742a8d4b21406e6286') in 0.032594 seconds 
  Import took 0.035374 seconds .

========================================================================
Received Import Request.
  Time since last request: 0.000169 seconds.
  path: Assets/Sprite/sword.jpg
  artifactKey: Guid(0c9527880e5d0b9499a25d32b03eb6ca) Importer(815301076,1909f56bfc062723c751e8b465ee728b)
Start importing Assets/Sprite/sword.jpg using Guid(0c9527880e5d0b9499a25d32b03eb6ca) Importer(815301076,1909f56bfc062723c751e8b465ee728b)  -> (artifact id: 'd842ca3bd2730e55d7a1e0e62e6f55ff') in 0.033620 seconds 
  Import took 0.036649 seconds .

========================================================================
Received Prepare
Registering precompiled user dll's ...
Registered in 0.007227 seconds.
Begin MonoManager ReloadAssembly
Native extension for WindowsStandalone target not found
Native extension for WebGL target not found
Refreshing native plugins compatible for Editor in 0.45 ms, found 3 plugins.
Preloading 0 native plugins for Editor in 0.00 ms.
Mono: successfully reloaded assembly
- Completed reload, in  0.897 seconds
Domain Reload Profiling:
	ReloadAssembly (897ms)
		BeginReloadAssembly (97ms)
			ExecutionOrderSort (0ms)
			DisableScriptedObjects (6ms)
			BackupInstance (0ms)
			ReleaseScriptingObjects (0ms)
			CreateAndSetChildDomain (31ms)
		EndReloadAssembly (745ms)
			LoadAssemblies (76ms)
			RebuildTransferFunctionScriptingTraits (0ms)
			SetupTypeCache (241ms)
			ReleaseScriptCaches (1ms)
			RebuildScriptCaches (38ms)
			SetupLoadedEditorAssemblies (306ms)
				LogAssemblyErrors (0ms)
				InitializePlatformSupportModulesInManaged (5ms)
				SetLoadedEditorAssemblies (0ms)
				RefreshPlugins (0ms)
				BeforeProcessingInitializeOnLoad (72ms)
				ProcessInitializeOnLoadAttributes (219ms)
				ProcessInitializeOnLoadMethodAttributes (4ms)
				AfterProcessingInitializeOnLoad (5ms)
				EditorAssembliesLoaded (0ms)
			ExecutionOrderSort2 (0ms)
			AwakeInstancesAfterBackupRestoration (8ms)
Platform modules already initialized, skipping
Refreshing native plugins compatible for Editor in 0.45 ms, found 3 plugins.
Preloading 0 native plugins for Editor in 0.00 ms.
Unloading 2085 Unused Serialized files (Serialized files now loaded: 0)
System memory in use before: 95.6 MB.
System memory in use after: 95.7 MB.

Unloading 16 unused Assets to reduce memory usage. Loaded Objects now: 2547.
Total: 2.242800 ms (FindLiveObjects: 0.259900 ms CreateObjectMapping: 0.051700 ms MarkObjects: 1.913800 ms  DeleteObjects: 0.016500 ms)

AssetImportParameters requested are different than current active one (requested -> active):
  custom:framework-win-MediaFoundation: 216162199b28c13a410421893ffa2e32 -> 
  custom:video-decoder-ogg-theora: a1e56fd34408186e4bbccfd4996cb3dc -> 
  custom:container-muxer-webm: aa71ff27fc2769a1b78a27578f13a17b -> 
  custom:container-demuxer-webm: 4f35f7cbe854078d1ac9338744f61a02 -> 
  custom:container-demuxer-ogg: 62fdf1f143b41e24485cea50d1cbac27 -> 
  custom:video-encoder-webm-vp8: eb34c28f22e8b96e1ab97ce403110664 -> 
  custom:video-codec-MediaFoundation-h265: 746d11721c4dcdbdad8f713fa42b33f4 -> 
  custom:video-decoder-webm-vp8: 9c59270c3fd7afecdb556c50c9e8de78 -> 
  custom:audio-decoder-ogg-vorbis: bf7c407c2cedff20999df2af8eb42d56 -> 
  custom:audio-encoder-webm-vorbis: bf7c407c2cedff20999df2af8eb42d56 -> 
========================================================================
Received Import Request.
  Time since last request: 25.933465 seconds.
  path: Assets/Sprite/Circle 1.png
  artifactKey: Guid(aba243cabe6a98440b5fb745afd846a9) Importer(815301076,1909f56bfc062723c751e8b465ee728b)
Start importing Assets/Sprite/Circle 1.png using Guid(aba243cabe6a98440b5fb745afd846a9) Importer(815301076,1909f56bfc062723c751e8b465ee728b)  -> (artifact id: '36acfad3b3a3e75dbe4cb437b6e24df3') in 0.059266 seconds 
  Import took 0.062334 seconds .

========================================================================
Received Import Request.
  Time since last request: 475.397064 seconds.
  path: Assets/Textures/pattern-26399_1281.png
  artifactKey: Guid(9c9cc9ca0aaafa64ca11d872748bdd54) Importer(815301076,1909f56bfc062723c751e8b465ee728b)
Start importing Assets/Textures/pattern-26399_1281.png using Guid(9c9cc9ca0aaafa64ca11d872748bdd54) Importer(815301076,1909f56bfc062723c751e8b465ee728b)  -> (artifact id: 'c35e6ad7093d9365961897709e421c0d') in 2.730781 seconds 
  Import took 2.734138 seconds .

========================================================================
Received Import Request.
  Time since last request: 126.225983 seconds.
  path: Assets
  artifactKey: Guid(00000000000000001000000000000000) Importer(815301076,1909f56bfc062723c751e8b465ee728b)
Start importing Assets using Guid(00000000000000001000000000000000) Importer(815301076,1909f56bfc062723c751e8b465ee728b)  -> (artifact id: '42d402b061de3733987d63b9cc3b64de') in 0.022981 seconds 
  Import took 0.026076 seconds .

========================================================================
Received Import Request.
  Time since last request: 4.623158 seconds.
  path: Assets/fonts
  artifactKey: Guid(8e96b62e30515644f9b1519490c80bfb) Importer(815301076,1909f56bfc062723c751e8b465ee728b)
Start importing Assets/fonts using Guid(8e96b62e30515644f9b1519490c80bfb) Importer(815301076,1909f56bfc062723c751e8b465ee728b)  -> (artifact id: 'f4d0fc653b412258d477deae61b304c5') in 0.023069 seconds 
  Import took 0.026267 seconds .

========================================================================
Received Import Request.
  Time since last request: 23.679897 seconds.
  path: Assets/fonts/Ruluko-Regular.ttf
  artifactKey: Guid(b7bd1031fb524ac439a5040f4d982b61) Importer(815301076,1909f56bfc062723c751e8b465ee728b)
Start importing Assets/fonts/Ruluko-Regular.ttf using Guid(b7bd1031fb524ac439a5040f4d982b61) Importer(815301076,1909f56bfc062723c751e8b465ee728b)  -> (artifact id: '9980c5b46d4bc3f451589865fe1a038d') in 0.087989 seconds 
  Import took 0.091080 seconds .

========================================================================
Received Prepare
Registering precompiled user dll's ...
Registered in 0.008757 seconds.
Begin MonoManager ReloadAssembly
Native extension for WindowsStandalone target not found
Native extension for WebGL target not found
Refreshing native plugins compatible for Editor in 0.47 ms, found 3 plugins.
Preloading 0 native plugins for Editor in 0.00 ms.
Mono: successfully reloaded assembly
- Completed reload, in  0.902 seconds
Domain Reload Profiling:
	ReloadAssembly (902ms)
		BeginReloadAssembly (103ms)
			ExecutionOrderSort (0ms)
			DisableScriptedObjects (5ms)
			BackupInstance (0ms)
			ReleaseScriptingObjects (0ms)
			CreateAndSetChildDomain (29ms)
		EndReloadAssembly (745ms)
			LoadAssemblies (74ms)
			RebuildTransferFunctionScriptingTraits (0ms)
			SetupTypeCache (233ms)
			ReleaseScriptCaches (1ms)
			RebuildScriptCaches (35ms)
			SetupLoadedEditorAssemblies (316ms)
				LogAssemblyErrors (0ms)
				InitializePlatformSupportModulesInManaged (5ms)
				SetLoadedEditorAssemblies (0ms)
				RefreshPlugins (1ms)
				BeforeProcessingInitializeOnLoad (72ms)
				ProcessInitializeOnLoadAttributes (227ms)
				ProcessInitializeOnLoadMethodAttributes (6ms)
				AfterProcessingInitializeOnLoad (6ms)
				EditorAssembliesLoaded (0ms)
			ExecutionOrderSort2 (0ms)
			AwakeInstancesAfterBackupRestoration (9ms)
Platform modules already initialized, skipping
Refreshing native plugins compatible for Editor in 0.46 ms, found 3 plugins.
Preloading 0 native plugins for Editor in 0.00 ms.
Unloading 2085 Unused Serialized files (Serialized files now loaded: 0)
System memory in use before: 96.0 MB.
System memory in use after: 96.1 MB.

Unloading 16 unused Assets to reduce memory usage. Loaded Objects now: 2592.
Total: 2.500100 ms (FindLiveObjects: 0.241800 ms CreateObjectMapping: 0.048900 ms MarkObjects: 2.186900 ms  DeleteObjects: 0.021500 ms)

AssetImportParameters requested are different than current active one (requested -> active):
  custom:framework-win-MediaFoundation: 216162199b28c13a410421893ffa2e32 -> 
  custom:video-decoder-ogg-theora: a1e56fd34408186e4bbccfd4996cb3dc -> 
  custom:container-muxer-webm: aa71ff27fc2769a1b78a27578f13a17b -> 
  custom:container-demuxer-webm: 4f35f7cbe854078d1ac9338744f61a02 -> 
  custom:container-demuxer-ogg: 62fdf1f143b41e24485cea50d1cbac27 -> 
  custom:video-encoder-webm-vp8: eb34c28f22e8b96e1ab97ce403110664 -> 
  custom:video-codec-MediaFoundation-h265: 746d11721c4dcdbdad8f713fa42b33f4 -> 
  custom:video-decoder-webm-vp8: 9c59270c3fd7afecdb556c50c9e8de78 -> 
  custom:audio-decoder-ogg-vorbis: bf7c407c2cedff20999df2af8eb42d56 -> 
  custom:audio-encoder-webm-vorbis: bf7c407c2cedff20999df2af8eb42d56 -> 
========================================================================
Received Prepare
Registering precompiled user dll's ...
Registered in 0.008378 seconds.
Begin MonoManager ReloadAssembly
Native extension for WindowsStandalone target not found
Native extension for WebGL target not found
Refreshing native plugins compatible for Editor in 0.46 ms, found 3 plugins.
Preloading 0 native plugins for Editor in 0.00 ms.
Mono: successfully reloaded assembly
- Completed reload, in  0.891 seconds
Domain Reload Profiling:
	ReloadAssembly (891ms)
		BeginReloadAssembly (99ms)
			ExecutionOrderSort (0ms)
			DisableScriptedObjects (5ms)
			BackupInstance (0ms)
			ReleaseScriptingObjects (0ms)
			CreateAndSetChildDomain (28ms)
		EndReloadAssembly (737ms)
			LoadAssemblies (71ms)
			RebuildTransferFunctionScriptingTraits (0ms)
			SetupTypeCache (232ms)
			ReleaseScriptCaches (1ms)
			RebuildScriptCaches (36ms)
			SetupLoadedEditorAssemblies (311ms)
				LogAssemblyErrors (0ms)
				InitializePlatformSupportModulesInManaged (5ms)
				SetLoadedEditorAssemblies (0ms)
				RefreshPlugins (1ms)
				BeforeProcessingInitializeOnLoad (73ms)
				ProcessInitializeOnLoadAttributes (223ms)
				ProcessInitializeOnLoadMethodAttributes (4ms)
				AfterProcessingInitializeOnLoad (6ms)
				EditorAssembliesLoaded (0ms)
			ExecutionOrderSort2 (0ms)
			AwakeInstancesAfterBackupRestoration (8ms)
Platform modules already initialized, skipping
Refreshing native plugins compatible for Editor in 0.47 ms, found 3 plugins.
Preloading 0 native plugins for Editor in 0.00 ms.
Unloading 2085 Unused Serialized files (Serialized files now loaded: 0)
System memory in use before: 96.0 MB.
System memory in use after: 96.2 MB.

Unloading 16 unused Assets to reduce memory usage. Loaded Objects now: 2596.
Total: 2.404300 ms (FindLiveObjects: 0.209300 ms CreateObjectMapping: 0.047500 ms MarkObjects: 2.128300 ms  DeleteObjects: 0.017400 ms)

AssetImportParameters requested are different than current active one (requested -> active):
  custom:framework-win-MediaFoundation: 216162199b28c13a410421893ffa2e32 -> 
  custom:video-decoder-ogg-theora: a1e56fd34408186e4bbccfd4996cb3dc -> 
  custom:container-muxer-webm: aa71ff27fc2769a1b78a27578f13a17b -> 
  custom:container-demuxer-webm: 4f35f7cbe854078d1ac9338744f61a02 -> 
  custom:container-demuxer-ogg: 62fdf1f143b41e24485cea50d1cbac27 -> 
  custom:video-encoder-webm-vp8: eb34c28f22e8b96e1ab97ce403110664 -> 
  custom:video-codec-MediaFoundation-h265: 746d11721c4dcdbdad8f713fa42b33f4 -> 
  custom:video-decoder-webm-vp8: 9c59270c3fd7afecdb556c50c9e8de78 -> 
  custom:audio-decoder-ogg-vorbis: bf7c407c2cedff20999df2af8eb42d56 -> 
  custom:audio-encoder-webm-vorbis: bf7c407c2cedff20999df2af8eb42d56 -> 
========================================================================
Received Prepare
Registering precompiled user dll's ...
Registered in 0.003638 seconds.
Begin MonoManager ReloadAssembly
Native extension for WindowsStandalone target not found
Native extension for WebGL target not found
Refreshing native plugins compatible for Editor in 0.52 ms, found 3 plugins.
Preloading 0 native plugins for Editor in 0.00 ms.
Mono: successfully reloaded assembly
- Completed reload, in  0.918 seconds
Domain Reload Profiling:
	ReloadAssembly (918ms)
		BeginReloadAssembly (98ms)
			ExecutionOrderSort (0ms)
			DisableScriptedObjects (5ms)
			BackupInstance (0ms)
			ReleaseScriptingObjects (0ms)
			CreateAndSetChildDomain (29ms)
		EndReloadAssembly (763ms)
			LoadAssemblies (71ms)
			RebuildTransferFunctionScriptingTraits (0ms)
			SetupTypeCache (244ms)
			ReleaseScriptCaches (1ms)
			RebuildScriptCaches (36ms)
			SetupLoadedEditorAssemblies (319ms)
				LogAssemblyErrors (0ms)
				InitializePlatformSupportModulesInManaged (5ms)
				SetLoadedEditorAssemblies (0ms)
				RefreshPlugins (1ms)
				BeforeProcessingInitializeOnLoad (75ms)
				ProcessInitializeOnLoadAttributes (228ms)
				ProcessInitializeOnLoadMethodAttributes (4ms)
				AfterProcessingInitializeOnLoad (5ms)
				EditorAssembliesLoaded (0ms)
			ExecutionOrderSort2 (0ms)
			AwakeInstancesAfterBackupRestoration (8ms)
Platform modules already initialized, skipping
Refreshing native plugins compatible for Editor in 0.46 ms, found 3 plugins.
Preloading 0 native plugins for Editor in 0.00 ms.
Unloading 2085 Unused Serialized files (Serialized files now loaded: 0)
System memory in use before: 96.1 MB.
System memory in use after: 96.2 MB.

Unloading 16 unused Assets to reduce memory usage. Loaded Objects now: 2600.
Total: 2.037300 ms (FindLiveObjects: 0.190200 ms CreateObjectMapping: 0.048600 ms MarkObjects: 1.784100 ms  DeleteObjects: 0.013400 ms)

AssetImportParameters requested are different than current active one (requested -> active):
  custom:framework-win-MediaFoundation: 216162199b28c13a410421893ffa2e32 -> 
  custom:video-decoder-ogg-theora: a1e56fd34408186e4bbccfd4996cb3dc -> 
  custom:container-muxer-webm: aa71ff27fc2769a1b78a27578f13a17b -> 
  custom:container-demuxer-webm: 4f35f7cbe854078d1ac9338744f61a02 -> 
  custom:container-demuxer-ogg: 62fdf1f143b41e24485cea50d1cbac27 -> 
  custom:video-encoder-webm-vp8: eb34c28f22e8b96e1ab97ce403110664 -> 
  custom:video-codec-MediaFoundation-h265: 746d11721c4dcdbdad8f713fa42b33f4 -> 
  custom:video-decoder-webm-vp8: 9c59270c3fd7afecdb556c50c9e8de78 -> 
  custom:audio-decoder-ogg-vorbis: bf7c407c2cedff20999df2af8eb42d56 -> 
  custom:audio-encoder-webm-vorbis: bf7c407c2cedff20999df2af8eb42d56 -> 
========================================================================
Received Prepare
Registering precompiled user dll's ...
Registered in 0.003584 seconds.
Begin MonoManager ReloadAssembly
Native extension for WindowsStandalone target not found
Native extension for WebGL target not found
Refreshing native plugins compatible for Editor in 0.47 ms, found 3 plugins.
Preloading 0 native plugins for Editor in 0.00 ms.
Mono: successfully reloaded assembly
- Completed reload, in  0.914 seconds
Domain Reload Profiling:
	ReloadAssembly (914ms)
		BeginReloadAssembly (89ms)
			ExecutionOrderSort (0ms)
			DisableScriptedObjects (5ms)
			BackupInstance (0ms)
			ReleaseScriptingObjects (0ms)
			CreateAndSetChildDomain (28ms)
		EndReloadAssembly (771ms)
			LoadAssemblies (72ms)
			RebuildTransferFunctionScriptingTraits (0ms)
			SetupTypeCache (245ms)
			ReleaseScriptCaches (1ms)
			RebuildScriptCaches (35ms)
			SetupLoadedEditorAssemblies (326ms)
				LogAssemblyErrors (0ms)
				InitializePlatformSupportModulesInManaged (5ms)
				SetLoadedEditorAssemblies (0ms)
				RefreshPlugins (1ms)
				BeforeProcessingInitializeOnLoad (75ms)
				ProcessInitializeOnLoadAttributes (235ms)
				ProcessInitializeOnLoadMethodAttributes (4ms)
				AfterProcessingInitializeOnLoad (6ms)
				EditorAssembliesLoaded (0ms)
			ExecutionOrderSort2 (0ms)
			AwakeInstancesAfterBackupRestoration (8ms)
Platform modules already initialized, skipping
Refreshing native plugins compatible for Editor in 0.45 ms, found 3 plugins.
Preloading 0 native plugins for Editor in 0.00 ms.
Unloading 2085 Unused Serialized files (Serialized files now loaded: 0)
System memory in use before: 96.1 MB.
System memory in use after: 96.2 MB.

Unloading 16 unused Assets to reduce memory usage. Loaded Objects now: 2604.
Total: 2.091100 ms (FindLiveObjects: 0.190300 ms CreateObjectMapping: 0.047600 ms MarkObjects: 1.839000 ms  DeleteObjects: 0.012800 ms)

AssetImportParameters requested are different than current active one (requested -> active):
  custom:framework-win-MediaFoundation: 216162199b28c13a410421893ffa2e32 -> 
  custom:video-decoder-ogg-theora: a1e56fd34408186e4bbccfd4996cb3dc -> 
  custom:container-muxer-webm: aa71ff27fc2769a1b78a27578f13a17b -> 
  custom:container-demuxer-webm: 4f35f7cbe854078d1ac9338744f61a02 -> 
  custom:container-demuxer-ogg: 62fdf1f143b41e24485cea50d1cbac27 -> 
  custom:video-encoder-webm-vp8: eb34c28f22e8b96e1ab97ce403110664 -> 
  custom:video-codec-MediaFoundation-h265: 746d11721c4dcdbdad8f713fa42b33f4 -> 
  custom:video-decoder-webm-vp8: 9c59270c3fd7afecdb556c50c9e8de78 -> 
  custom:audio-decoder-ogg-vorbis: bf7c407c2cedff20999df2af8eb42d56 -> 
  custom:audio-encoder-webm-vorbis: bf7c407c2cedff20999df2af8eb42d56 -> 
========================================================================
Received Import Request.
  Time since last request: 1365.629014 seconds.
  path: Assets/Scenes/menu.unity
  artifactKey: Guid(3d66b3670b6895549bd86528395e1c7a) Importer(815301076,1909f56bfc062723c751e8b465ee728b)
Start importing Assets/Scenes/menu.unity using Guid(3d66b3670b6895549bd86528395e1c7a) Importer(815301076,1909f56bfc062723c751e8b465ee728b)  -> (artifact id: 'e2455611c010bf2654f7ad50f306595e') in 0.032821 seconds 
  Import took 0.036037 seconds .

========================================================================
Received Prepare
Registering precompiled user dll's ...
Registered in 0.003954 seconds.
Begin MonoManager ReloadAssembly
Native extension for WindowsStandalone target not found
Native extension for WebGL target not found
Refreshing native plugins compatible for Editor in 0.80 ms, found 3 plugins.
Preloading 0 native plugins for Editor in 0.00 ms.
Mono: successfully reloaded assembly
- Completed reload, in  1.129 seconds
Domain Reload Profiling:
	ReloadAssembly (1130ms)
		BeginReloadAssembly (110ms)
			ExecutionOrderSort (0ms)
			DisableScriptedObjects (6ms)
			BackupInstance (0ms)
			ReleaseScriptingObjects (0ms)
			CreateAndSetChildDomain (35ms)
		EndReloadAssembly (955ms)
			LoadAssemblies (89ms)
			RebuildTransferFunctionScriptingTraits (0ms)
			SetupTypeCache (312ms)
			ReleaseScriptCaches (1ms)
			RebuildScriptCaches (46ms)
			SetupLoadedEditorAssemblies (394ms)
				LogAssemblyErrors (0ms)
				InitializePlatformSupportModulesInManaged (7ms)
				SetLoadedEditorAssemblies (1ms)
				RefreshPlugins (1ms)
				BeforeProcessingInitializeOnLoad (99ms)
				ProcessInitializeOnLoadAttributes (274ms)
				ProcessInitializeOnLoadMethodAttributes (6ms)
				AfterProcessingInitializeOnLoad (7ms)
				EditorAssembliesLoaded (0ms)
			ExecutionOrderSort2 (0ms)
			AwakeInstancesAfterBackupRestoration (10ms)
Platform modules already initialized, skipping
Refreshing native plugins compatible for Editor in 0.73 ms, found 3 plugins.
Preloading 0 native plugins for Editor in 0.00 ms.
Unloading 2085 Unused Serialized files (Serialized files now loaded: 0)
System memory in use before: 96.1 MB.
System memory in use after: 96.2 MB.

Unloading 16 unused Assets to reduce memory usage. Loaded Objects now: 2608.
Total: 2.643200 ms (FindLiveObjects: 0.235200 ms CreateObjectMapping: 0.048300 ms MarkObjects: 2.339600 ms  DeleteObjects: 0.018200 ms)

AssetImportParameters requested are different than current active one (requested -> active):
  custom:framework-win-MediaFoundation: 216162199b28c13a410421893ffa2e32 -> 
  custom:video-decoder-ogg-theora: a1e56fd34408186e4bbccfd4996cb3dc -> 
  custom:container-muxer-webm: aa71ff27fc2769a1b78a27578f13a17b -> 
  custom:container-demuxer-webm: 4f35f7cbe854078d1ac9338744f61a02 -> 
  custom:container-demuxer-ogg: 62fdf1f143b41e24485cea50d1cbac27 -> 
  custom:video-encoder-webm-vp8: eb34c28f22e8b96e1ab97ce403110664 -> 
  custom:video-codec-MediaFoundation-h265: 746d11721c4dcdbdad8f713fa42b33f4 -> 
  custom:video-decoder-webm-vp8: 9c59270c3fd7afecdb556c50c9e8de78 -> 
  custom:audio-decoder-ogg-vorbis: bf7c407c2cedff20999df2af8eb42d56 -> 
  custom:audio-encoder-webm-vorbis: bf7c407c2cedff20999df2af8eb42d56 -> 
========================================================================
Received Import Request.
  Time since last request: 71.010079 seconds.
  path: Assets/Scenes/SampleScene.unity
  artifactKey: Guid(2cda990e2423bbf4892e6590ba056729) Importer(815301076,1909f56bfc062723c751e8b465ee728b)
Start importing Assets/Scenes/SampleScene.unity using Guid(2cda990e2423bbf4892e6590ba056729) Importer(815301076,1909f56bfc062723c751e8b465ee728b)  -> (artifact id: '20e86cee092587fa9dda78d01f484345') in 0.393103 seconds 
  Import took 0.396557 seconds .

========================================================================
Received Import Request.
  Time since last request: 762.889994 seconds.
  path: Assets/Sprite/export-0001.png
  artifactKey: Guid(9e8dc4d5166c4c847a28fe84cec4e66b) Importer(815301076,1909f56bfc062723c751e8b465ee728b)
Start importing Assets/Sprite/export-0001.png using Guid(9e8dc4d5166c4c847a28fe84cec4e66b) Importer(815301076,1909f56bfc062723c751e8b465ee728b)  -> (artifact id: '413dfca2d93748d82c98b693414df4bd') in 0.185864 seconds 
  Import took 0.189662 seconds .

========================================================================
Received Import Request.
  Time since last request: 14.860176 seconds.
  path: Assets/Sprite/export-0001.png
  artifactKey: Guid(9e8dc4d5166c4c847a28fe84cec4e66b) Importer(815301076,1909f56bfc062723c751e8b465ee728b)
Start importing Assets/Sprite/export-0001.png using Guid(9e8dc4d5166c4c847a28fe84cec4e66b) Importer(815301076,1909f56bfc062723c751e8b465ee728b)  -> (artifact id: 'a226c1d753952c7ec1fa0811a17309f3') in 0.054932 seconds 
  Import took 0.058148 seconds .

========================================================================
Received Import Request.
  Time since last request: 49.993536 seconds.
  path: Assets/Sprite/export-0001.png
  artifactKey: Guid(9e8dc4d5166c4c847a28fe84cec4e66b) Importer(815301076,1909f56bfc062723c751e8b465ee728b)
Start importing Assets/Sprite/export-0001.png using Guid(9e8dc4d5166c4c847a28fe84cec4e66b) Importer(815301076,1909f56bfc062723c751e8b465ee728b)  -> (artifact id: '618220d54b2fb8997a33164edc19ee97') in 0.079927 seconds 
  Import took 0.083270 seconds .

========================================================================
Received Import Request.
  Time since last request: 17.246544 seconds.
  path: Assets/Sprite/export-0001.png
  artifactKey: Guid(9e8dc4d5166c4c847a28fe84cec4e66b) Importer(815301076,1909f56bfc062723c751e8b465ee728b)
Start importing Assets/Sprite/export-0001.png using Guid(9e8dc4d5166c4c847a28fe84cec4e66b) Importer(815301076,1909f56bfc062723c751e8b465ee728b)  -> (artifact id: '241a5a510cea7f2b389200581c27c1cb') in 0.045303 seconds 
  Import took 0.048520 seconds .

========================================================================
Received Import Request.
  Time since last request: 14.010507 seconds.
  path: Assets/Sprite/export-0001.png
  artifactKey: Guid(9e8dc4d5166c4c847a28fe84cec4e66b) Importer(815301076,1909f56bfc062723c751e8b465ee728b)
Start importing Assets/Sprite/export-0001.png using Guid(9e8dc4d5166c4c847a28fe84cec4e66b) Importer(815301076,1909f56bfc062723c751e8b465ee728b)  -> (artifact id: 'd6af02b8c48d9f31f16f84dc7e4c3c5b') in 0.053154 seconds 
  Import took 0.056507 seconds .

========================================================================
Received Import Request.
  Time since last request: 18.912980 seconds.
  path: Assets/Prefabs
  artifactKey: Guid(de06f2f7cc7105b448dbce13ff969596) Importer(815301076,1909f56bfc062723c751e8b465ee728b)
Start importing Assets/Prefabs using Guid(de06f2f7cc7105b448dbce13ff969596) Importer(815301076,1909f56bfc062723c751e8b465ee728b)  -> (artifact id: '6d41436d764ceabf565b011682ae504d') in 0.023908 seconds 
  Import took 0.027090 seconds .

========================================================================
Received Import Request.
  Time since last request: 0.036984 seconds.
  path: Assets/Prefabs/enemy boss variant.prefab
  artifactKey: Guid(9752af74194c0ce499448caa7196ed71) Importer(815301076,1909f56bfc062723c751e8b465ee728b)
Start importing Assets/Prefabs/enemy boss variant.prefab using Guid(9752af74194c0ce499448caa7196ed71) Importer(815301076,1909f56bfc062723c751e8b465ee728b)  -> (artifact id: '1ab9468000507f585d6cfa9181c56833') in 0.122685 seconds 
  Import took 0.125895 seconds .

========================================================================
Received Import Request.
  Time since last request: 0.000487 seconds.
  path: Assets/Prefabs/Health bar.prefab
  artifactKey: Guid(b4b9de07510ad974ca7049f9255fc4e0) Importer(815301076,1909f56bfc062723c751e8b465ee728b)
Start importing Assets/Prefabs/Health bar.prefab using Guid(b4b9de07510ad974ca7049f9255fc4e0) Importer(815301076,1909f56bfc062723c751e8b465ee728b)  -> (artifact id: '75f8fa8c9ba3bf74c4f3d9e2f0dd66ed') in 0.031146 seconds 
  Import took 0.034262 seconds .

========================================================================
Received Import Request.
  Time since last request: 0.000224 seconds.
  path: Assets/Prefabs/enemy stronger Variant.prefab
  artifactKey: Guid(6f1bd2dad4fc04048912e92a828e88cd) Importer(815301076,1909f56bfc062723c751e8b465ee728b)
Start importing Assets/Prefabs/enemy stronger Variant.prefab using Guid(6f1bd2dad4fc04048912e92a828e88cd) Importer(815301076,1909f56bfc062723c751e8b465ee728b)  -> (artifact id: '3c15f37757888956004de02945576445') in 0.036679 seconds 
  Import took 0.039615 seconds .

========================================================================
Received Import Request.
  Time since last request: 0.000178 seconds.
  path: Assets/Prefabs/wall.prefab
  artifactKey: Guid(08f939d572b72544ba6b8016ec5f67a3) Importer(815301076,1909f56bfc062723c751e8b465ee728b)
Start importing Assets/Prefabs/wall.prefab using Guid(08f939d572b72544ba6b8016ec5f67a3) Importer(815301076,1909f56bfc062723c751e8b465ee728b)  -> (artifact id: '77dd13ff5ecc78912bf3ccb7625e3393') in 0.037371 seconds 
  Import took 0.040109 seconds .

========================================================================
Received Import Request.
  Time since last request: 0.000165 seconds.
  path: Assets/Prefabs/shot 1 3.prefab
  artifactKey: Guid(4431fa6688e26cb47b1b78c0f39a3435) Importer(815301076,1909f56bfc062723c751e8b465ee728b)
Start importing Assets/Prefabs/shot 1 3.prefab using Guid(4431fa6688e26cb47b1b78c0f39a3435) Importer(815301076,1909f56bfc062723c751e8b465ee728b)  -> (artifact id: 'b2e62a7d0ed25ad55a0cab2ac5fa4ff9') in 0.039129 seconds 
  Import took 0.041872 seconds .

========================================================================
Received Import Request.
  Time since last request: 0.000225 seconds.
  path: Assets/Prefabs/Wall 25x.prefab
  artifactKey: Guid(e56dfa37e77c769418b7cacb76ce58bd) Importer(815301076,1909f56bfc062723c751e8b465ee728b)
Start importing Assets/Prefabs/Wall 25x.prefab using Guid(e56dfa37e77c769418b7cacb76ce58bd) Importer(815301076,1909f56bfc062723c751e8b465ee728b)  -> (artifact id: '912d8968db84974186fe6ec7d10f7a4d') in 0.039263 seconds 
  Import took 0.043361 seconds .

========================================================================
Received Import Request.
  Time since last request: 0.000181 seconds.
  path: Assets/Prefabs/shot 1 1.prefab
  artifactKey: Guid(257857a14a4668e4490bb14625082321) Importer(815301076,1909f56bfc062723c751e8b465ee728b)
Start importing Assets/Prefabs/shot 1 1.prefab using Guid(257857a14a4668e4490bb14625082321) Importer(815301076,1909f56bfc062723c751e8b465ee728b)  -> (artifact id: '0aa7e2bf5e1de9bf16861e4d95b8807b') in 0.032910 seconds 
  Import took 0.035692 seconds .

========================================================================
Received Import Request.
  Time since last request: 0.000198 seconds.
  path: Assets/Prefabs/shot 1 2.prefab
  artifactKey: Guid(1c097408f8950074aa2b4dd6fade7daf) Importer(815301076,1909f56bfc062723c751e8b465ee728b)
Start importing Assets/Prefabs/shot 1 2.prefab using Guid(1c097408f8950074aa2b4dd6fade7daf) Importer(815301076,1909f56bfc062723c751e8b465ee728b)  -> (artifact id: '6c7ab5911ddb13cfde3a65c627e99bd7') in 0.037651 seconds 
  Import took 0.041494 seconds .

========================================================================
Received Import Request.
  Time since last request: 0.000321 seconds.
  path: Assets/Prefabs/Wall 25x (1).prefab
  artifactKey: Guid(5e4edcd356afce34d9690cfe6718ed7c) Importer(815301076,1909f56bfc062723c751e8b465ee728b)
Start importing Assets/Prefabs/Wall 25x (1).prefab using Guid(5e4edcd356afce34d9690cfe6718ed7c) Importer(815301076,1909f56bfc062723c751e8b465ee728b)  -> (artifact id: '3fe0142bf1db4677531f12dc71cf6d4e') in 0.129304 seconds 
  Import took 0.133426 seconds .

========================================================================
Received Import Request.
  Time since last request: 0.000231 seconds.
  path: Assets/Prefabs/Wall 5x.prefab
  artifactKey: Guid(354dcd0574a5f6f4aad55f6bfb4fc113) Importer(815301076,1909f56bfc062723c751e8b465ee728b)
Start importing Assets/Prefabs/Wall 5x.prefab using Guid(354dcd0574a5f6f4aad55f6bfb4fc113) Importer(815301076,1909f56bfc062723c751e8b465ee728b)  -> (artifact id: '2bcc88583e111016e8b32483743a9118') in 0.032881 seconds 
  Import took 0.036211 seconds .

========================================================================
Received Import Request.
  Time since last request: 0.000173 seconds.
  path: Assets/Prefabs/shot 1.prefab
  artifactKey: Guid(e84013d6c77ae5446840daecbe327a5a) Importer(815301076,1909f56bfc062723c751e8b465ee728b)
Start importing Assets/Prefabs/shot 1.prefab using Guid(e84013d6c77ae5446840daecbe327a5a) Importer(815301076,1909f56bfc062723c751e8b465ee728b)  -> (artifact id: '0b403e2cdaadb7147cc2e1d79948c129') in 0.030930 seconds 
  Import took 0.033611 seconds .

========================================================================
Received Import Request.
  Time since last request: 0.000180 seconds.
  path: Assets/Prefabs/Player 1.prefab
  artifactKey: Guid(be362f322ff3bfa42852c895ebad90e0) Importer(815301076,1909f56bfc062723c751e8b465ee728b)
Start importing Assets/Prefabs/Player 1.prefab using Guid(be362f322ff3bfa42852c895ebad90e0) Importer(815301076,1909f56bfc062723c751e8b465ee728b)  -> (artifact id: 'e17a831c9517b7d779dc1ae655e600f0') in 0.030681 seconds 
  Import took 0.033411 seconds .

========================================================================
Received Import Request.
  Time since last request: 0.000187 seconds.
  path: Assets/Prefabs/enemy.prefab
  artifactKey: Guid(86400569d70634d46a9be5e0cd8a9460) Importer(815301076,1909f56bfc062723c751e8b465ee728b)
Start importing Assets/Prefabs/enemy.prefab using Guid(86400569d70634d46a9be5e0cd8a9460) Importer(815301076,1909f56bfc062723c751e8b465ee728b)  -> (artifact id: '3ae35367a4ccf750d1cd46351fd447f9') in 0.030430 seconds 
  Import took 0.033150 seconds .

========================================================================
Received Import Request.
  Time since last request: 0.000181 seconds.
  path: Assets/Prefabs/Spawner.prefab
  artifactKey: Guid(13bcf2647edadf94dbd89b1db2d19565) Importer(815301076,1909f56bfc062723c751e8b465ee728b)
Start importing Assets/Prefabs/Spawner.prefab using Guid(13bcf2647edadf94dbd89b1db2d19565) Importer(815301076,1909f56bfc062723c751e8b465ee728b)  -> (artifact id: '592fb50cce3c6697e76587db4544a855') in 0.026173 seconds 
  Import took 0.029098 seconds .

========================================================================
Received Import Request.
  Time since last request: 34.408790 seconds.
  path: Assets/Prefabs/enemy.prefab
  artifactKey: Guid(86400569d70634d46a9be5e0cd8a9460) Importer(815301076,1909f56bfc062723c751e8b465ee728b)
Start importing Assets/Prefabs/enemy.prefab using Guid(86400569d70634d46a9be5e0cd8a9460) Importer(815301076,1909f56bfc062723c751e8b465ee728b)  -> (artifact id: '60fde83a5d19d6886813b0e46f31b263') in 0.053129 seconds 
  Import took 0.056349 seconds .

========================================================================
Received Prepare
Registering precompiled user dll's ...
Registered in 0.003442 seconds.
Begin MonoManager ReloadAssembly
Native extension for WindowsStandalone target not found
Native extension for WebGL target not found
Refreshing native plugins compatible for Editor in 0.53 ms, found 3 plugins.
Preloading 0 native plugins for Editor in 0.00 ms.
Mono: successfully reloaded assembly
- Completed reload, in  0.929 seconds
Domain Reload Profiling:
	ReloadAssembly (929ms)
		BeginReloadAssembly (109ms)
			ExecutionOrderSort (0ms)
			DisableScriptedObjects (5ms)
			BackupInstance (0ms)
			ReleaseScriptingObjects (0ms)
			CreateAndSetChildDomain (31ms)
		EndReloadAssembly (767ms)
			LoadAssemblies (83ms)
			RebuildTransferFunctionScriptingTraits (0ms)
			SetupTypeCache (249ms)
			ReleaseScriptCaches (1ms)
			RebuildScriptCaches (38ms)
			SetupLoadedEditorAssemblies (312ms)
				LogAssemblyErrors (0ms)
				InitializePlatformSupportModulesInManaged (5ms)
				SetLoadedEditorAssemblies (0ms)
				RefreshPlugins (1ms)
				BeforeProcessingInitializeOnLoad (75ms)
				ProcessInitializeOnLoadAttributes (222ms)
				ProcessInitializeOnLoadMethodAttributes (4ms)
				AfterProcessingInitializeOnLoad (5ms)
				EditorAssembliesLoaded (0ms)
			ExecutionOrderSort2 (0ms)
			AwakeInstancesAfterBackupRestoration (9ms)
Platform modules already initialized, skipping
Refreshing native plugins compatible for Editor in 0.51 ms, found 3 plugins.
Preloading 0 native plugins for Editor in 0.00 ms.
Unloading 2085 Unused Serialized files (Serialized files now loaded: 0)
System memory in use before: 96.4 MB.
System memory in use after: 96.5 MB.

Unloading 21 unused Assets to reduce memory usage. Loaded Objects now: 2616.
Total: 2.336800 ms (FindLiveObjects: 0.243300 ms CreateObjectMapping: 0.047100 ms MarkObjects: 1.967100 ms  DeleteObjects: 0.077700 ms)

AssetImportParameters requested are different than current active one (requested -> active):
  custom:framework-win-MediaFoundation: 216162199b28c13a410421893ffa2e32 -> 
  custom:video-decoder-ogg-theora: a1e56fd34408186e4bbccfd4996cb3dc -> 
  custom:container-muxer-webm: aa71ff27fc2769a1b78a27578f13a17b -> 
  custom:container-demuxer-webm: 4f35f7cbe854078d1ac9338744f61a02 -> 
  custom:container-demuxer-ogg: 62fdf1f143b41e24485cea50d1cbac27 -> 
  custom:video-encoder-webm-vp8: eb34c28f22e8b96e1ab97ce403110664 -> 
  custom:video-codec-MediaFoundation-h265: 746d11721c4dcdbdad8f713fa42b33f4 -> 
  custom:video-decoder-webm-vp8: 9c59270c3fd7afecdb556c50c9e8de78 -> 
  custom:audio-decoder-ogg-vorbis: bf7c407c2cedff20999df2af8eb42d56 -> 
  custom:audio-encoder-webm-vorbis: bf7c407c2cedff20999df2af8eb42d56 -> 
========================================================================
Received Import Request.
  Time since last request: 9.409541 seconds.
  path: Assets/Prefabs/enemy.prefab
  artifactKey: Guid(86400569d70634d46a9be5e0cd8a9460) Importer(815301076,1909f56bfc062723c751e8b465ee728b)
Start importing Assets/Prefabs/enemy.prefab using Guid(86400569d70634d46a9be5e0cd8a9460) Importer(815301076,1909f56bfc062723c751e8b465ee728b)  -> (artifact id: 'b9cf64e0c21b79837647a37fccc566c5') in 0.066319 seconds 
  Import took 0.069761 seconds .

========================================================================
Received Import Request.
  Time since last request: 0.005887 seconds.
  path: Assets/Prefabs/enemy.prefab
  artifactKey: Guid(86400569d70634d46a9be5e0cd8a9460) Importer(815301076,1909f56bfc062723c751e8b465ee728b)
Start importing Assets/Prefabs/enemy.prefab using Guid(86400569d70634d46a9be5e0cd8a9460) Importer(815301076,1909f56bfc062723c751e8b465ee728b)  -> (artifact id: 'b9cf64e0c21b79837647a37fccc566c5') in 0.030727 seconds 
  Import took 0.034115 seconds .

========================================================================
Received Prepare
Registering precompiled user dll's ...
Registered in 0.003959 seconds.
Begin MonoManager ReloadAssembly
Native extension for WindowsStandalone target not found
Native extension for WebGL target not found
Refreshing native plugins compatible for Editor in 0.50 ms, found 3 plugins.
Preloading 0 native plugins for Editor in 0.00 ms.
Mono: successfully reloaded assembly
- Completed reload, in  0.911 seconds
Domain Reload Profiling:
	ReloadAssembly (911ms)
		BeginReloadAssembly (105ms)
			ExecutionOrderSort (0ms)
			DisableScriptedObjects (5ms)
			BackupInstance (0ms)
			ReleaseScriptingObjects (0ms)
			CreateAndSetChildDomain (30ms)
		EndReloadAssembly (751ms)
			LoadAssemblies (72ms)
			RebuildTransferFunctionScriptingTraits (0ms)
			SetupTypeCache (230ms)
			ReleaseScriptCaches (1ms)
			RebuildScriptCaches (37ms)
			SetupLoadedEditorAssemblies (329ms)
				LogAssemblyErrors (0ms)
				InitializePlatformSupportModulesInManaged (5ms)
				SetLoadedEditorAssemblies (0ms)
				RefreshPlugins (1ms)
				BeforeProcessingInitializeOnLoad (75ms)
				ProcessInitializeOnLoadAttributes (238ms)
				ProcessInitializeOnLoadMethodAttributes (4ms)
				AfterProcessingInitializeOnLoad (5ms)
				EditorAssembliesLoaded (0ms)
			ExecutionOrderSort2 (0ms)
			AwakeInstancesAfterBackupRestoration (9ms)
Platform modules already initialized, skipping
Refreshing native plugins compatible for Editor in 0.77 ms, found 3 plugins.
Preloading 0 native plugins for Editor in 0.00 ms.
Unloading 2085 Unused Serialized files (Serialized files now loaded: 0)
System memory in use before: 96.4 MB.
System memory in use after: 96.5 MB.

Unloading 16 unused Assets to reduce memory usage. Loaded Objects now: 2621.
Total: 2.360000 ms (FindLiveObjects: 0.246000 ms CreateObjectMapping: 0.050000 ms MarkObjects: 2.046800 ms  DeleteObjects: 0.015600 ms)

AssetImportParameters requested are different than current active one (requested -> active):
  custom:framework-win-MediaFoundation: 216162199b28c13a410421893ffa2e32 -> 
  custom:video-decoder-ogg-theora: a1e56fd34408186e4bbccfd4996cb3dc -> 
  custom:container-muxer-webm: aa71ff27fc2769a1b78a27578f13a17b -> 
  custom:container-demuxer-webm: 4f35f7cbe854078d1ac9338744f61a02 -> 
  custom:container-demuxer-ogg: 62fdf1f143b41e24485cea50d1cbac27 -> 
  custom:video-encoder-webm-vp8: eb34c28f22e8b96e1ab97ce403110664 -> 
  custom:video-codec-MediaFoundation-h265: 746d11721c4dcdbdad8f713fa42b33f4 -> 
  custom:video-decoder-webm-vp8: 9c59270c3fd7afecdb556c50c9e8de78 -> 
  custom:audio-decoder-ogg-vorbis: bf7c407c2cedff20999df2af8eb42d56 -> 
  custom:audio-encoder-webm-vorbis: bf7c407c2cedff20999df2af8eb42d56 -> 
========================================================================
Received Import Request.
  Time since last request: 48.199567 seconds.
  path: Assets/Prefabs/enemy.prefab
  artifactKey: Guid(86400569d70634d46a9be5e0cd8a9460) Importer(815301076,1909f56bfc062723c751e8b465ee728b)
Start importing Assets/Prefabs/enemy.prefab using Guid(86400569d70634d46a9be5e0cd8a9460) Importer(815301076,1909f56bfc062723c751e8b465ee728b)  -> (artifact id: '230b797c1a4eb3f460577abe77736914') in 0.067883 seconds 
  Import took 0.071090 seconds .

========================================================================
Received Prepare
Registering precompiled user dll's ...
Registered in 0.003104 seconds.
Begin MonoManager ReloadAssembly
Native extension for WindowsStandalone target not found
Native extension for WebGL target not found
Refreshing native plugins compatible for Editor in 0.51 ms, found 3 plugins.
Preloading 0 native plugins for Editor in 0.00 ms.
Mono: successfully reloaded assembly
- Completed reload, in  0.947 seconds
Domain Reload Profiling:
	ReloadAssembly (948ms)
		BeginReloadAssembly (95ms)
			ExecutionOrderSort (0ms)
			DisableScriptedObjects (5ms)
			BackupInstance (0ms)
			ReleaseScriptingObjects (0ms)
			CreateAndSetChildDomain (29ms)
		EndReloadAssembly (793ms)
			LoadAssemblies (73ms)
			RebuildTransferFunctionScriptingTraits (0ms)
			SetupTypeCache (243ms)
			ReleaseScriptCaches (1ms)
			RebuildScriptCaches (41ms)
			SetupLoadedEditorAssemblies (347ms)
				LogAssemblyErrors (0ms)
				InitializePlatformSupportModulesInManaged (5ms)
				SetLoadedEditorAssemblies (0ms)
				RefreshPlugins (1ms)
				BeforeProcessingInitializeOnLoad (86ms)
				ProcessInitializeOnLoadAttributes (244ms)
				ProcessInitializeOnLoadMethodAttributes (5ms)
				AfterProcessingInitializeOnLoad (6ms)
				EditorAssembliesLoaded (0ms)
			ExecutionOrderSort2 (0ms)
			AwakeInstancesAfterBackupRestoration (9ms)
Platform modules already initialized, skipping
Refreshing native plugins compatible for Editor in 0.53 ms, found 3 plugins.
Preloading 0 native plugins for Editor in 0.00 ms.
Unloading 2085 Unused Serialized files (Serialized files now loaded: 0)
System memory in use before: 96.4 MB.
System memory in use after: 96.5 MB.

Unloading 16 unused Assets to reduce memory usage. Loaded Objects now: 2626.
Total: 2.476300 ms (FindLiveObjects: 0.252300 ms CreateObjectMapping: 0.049100 ms MarkObjects: 2.153600 ms  DeleteObjects: 0.019600 ms)

AssetImportParameters requested are different than current active one (requested -> active):
  custom:framework-win-MediaFoundation: 216162199b28c13a410421893ffa2e32 -> 
  custom:video-decoder-ogg-theora: a1e56fd34408186e4bbccfd4996cb3dc -> 
  custom:container-muxer-webm: aa71ff27fc2769a1b78a27578f13a17b -> 
  custom:container-demuxer-webm: 4f35f7cbe854078d1ac9338744f61a02 -> 
  custom:container-demuxer-ogg: 62fdf1f143b41e24485cea50d1cbac27 -> 
  custom:video-encoder-webm-vp8: eb34c28f22e8b96e1ab97ce403110664 -> 
  custom:video-codec-MediaFoundation-h265: 746d11721c4dcdbdad8f713fa42b33f4 -> 
  custom:video-decoder-webm-vp8: 9c59270c3fd7afecdb556c50c9e8de78 -> 
  custom:audio-decoder-ogg-vorbis: bf7c407c2cedff20999df2af8eb42d56 -> 
  custom:audio-encoder-webm-vorbis: bf7c407c2cedff20999df2af8eb42d56 -> 
========================================================================
Received Import Request.
  Time since last request: 4.991328 seconds.
  path: Assets/Prefabs/enemy.prefab
  artifactKey: Guid(86400569d70634d46a9be5e0cd8a9460) Importer(815301076,1909f56bfc062723c751e8b465ee728b)
Start importing Assets/Prefabs/enemy.prefab using Guid(86400569d70634d46a9be5e0cd8a9460) Importer(815301076,1909f56bfc062723c751e8b465ee728b)  -> (artifact id: 'ab776e6d5df8c1d6b5b7d2af0ba9b750') in 0.074843 seconds 
  Import took 0.125599 seconds .

========================================================================
Received Import Request.
  Time since last request: 2688.498001 seconds.
  path: Assets/Sprite/export-0002.png
  artifactKey: Guid(cd98b3abc5012ec40b5a489bd6d1e5d2) Importer(815301076,1909f56bfc062723c751e8b465ee728b)
Start importing Assets/Sprite/export-0002.png using Guid(cd98b3abc5012ec40b5a489bd6d1e5d2) Importer(815301076,1909f56bfc062723c751e8b465ee728b)  -> (artifact id: 'caa79f115f7bef9acc10ecfc72d714f4') in 0.060597 seconds 
  Import took 0.067372 seconds .

========================================================================
Received Import Request.
  Time since last request: 7.213734 seconds.
  path: Assets/Sprite/enemy.png
  artifactKey: Guid(9e8dc4d5166c4c847a28fe84cec4e66b) Importer(815301076,1909f56bfc062723c751e8b465ee728b)
Start importing Assets/Sprite/enemy.png using Guid(9e8dc4d5166c4c847a28fe84cec4e66b) Importer(815301076,1909f56bfc062723c751e8b465ee728b)  -> (artifact id: '1d0c7e25580417cd5c9ccc928c509d7f') in 0.056982 seconds 
  Import took 0.060029 seconds .

========================================================================
Received Import Request.
  Time since last request: 45.252745 seconds.
  path: Assets/Sprite/player.png
  artifactKey: Guid(cd98b3abc5012ec40b5a489bd6d1e5d2) Importer(815301076,1909f56bfc062723c751e8b465ee728b)
Start importing Assets/Sprite/player.png using Guid(cd98b3abc5012ec40b5a489bd6d1e5d2) Importer(815301076,1909f56bfc062723c751e8b465ee728b)  -> (artifact id: 'e275ebc632b8512ba35778506c59dfe6') in 0.037651 seconds 
  Import took 0.040863 seconds .

========================================================================
Received Import Request.
  Time since last request: 53.359168 seconds.
  path: Assets/Sprite/player.png
  artifactKey: Guid(cd98b3abc5012ec40b5a489bd6d1e5d2) Importer(815301076,1909f56bfc062723c751e8b465ee728b)
Start importing Assets/Sprite/player.png using Guid(cd98b3abc5012ec40b5a489bd6d1e5d2) Importer(815301076,1909f56bfc062723c751e8b465ee728b)  -> (artifact id: 'a8b789d5dbd5dc0df23d88f3aef15461') in 0.046218 seconds 
  Import took 0.049334 seconds .

========================================================================
Received Import Request.
  Time since last request: 26.096107 seconds.
  path: Assets/Sprite/player.png
  artifactKey: Guid(cd98b3abc5012ec40b5a489bd6d1e5d2) Importer(815301076,1909f56bfc062723c751e8b465ee728b)
Start importing Assets/Sprite/player.png using Guid(cd98b3abc5012ec40b5a489bd6d1e5d2) Importer(815301076,1909f56bfc062723c751e8b465ee728b)  -> (artifact id: '311524e358c12ad5317f0c08b177d0fa') in 0.048310 seconds 
  Import took 0.051528 seconds .

========================================================================
Received Import Request.
  Time since last request: 9.992779 seconds.
  path: Assets/Sprite/player.png
  artifactKey: Guid(cd98b3abc5012ec40b5a489bd6d1e5d2) Importer(815301076,1909f56bfc062723c751e8b465ee728b)
Start importing Assets/Sprite/player.png using Guid(cd98b3abc5012ec40b5a489bd6d1e5d2) Importer(815301076,1909f56bfc062723c751e8b465ee728b)  -> (artifact id: '2a67a816a718a0b170ff1589dc344e2a') in 0.044879 seconds 
  Import took 0.048294 seconds .

========================================================================
Received Import Request.
  Time since last request: 8.649639 seconds.
  path: Assets/Sprite/player.png
  artifactKey: Guid(cd98b3abc5012ec40b5a489bd6d1e5d2) Importer(815301076,1909f56bfc062723c751e8b465ee728b)
Start importing Assets/Sprite/player.png using Guid(cd98b3abc5012ec40b5a489bd6d1e5d2) Importer(815301076,1909f56bfc062723c751e8b465ee728b)  -> (artifact id: 'a1fd2b8bdc62a0493f2746c067444ce4') in 0.044889 seconds 
  Import took 0.048178 seconds .

========================================================================
Received Import Request.
  Time since last request: 10.077852 seconds.
  path: Assets/Sprite/player.png
  artifactKey: Guid(cd98b3abc5012ec40b5a489bd6d1e5d2) Importer(815301076,1909f56bfc062723c751e8b465ee728b)
Start importing Assets/Sprite/player.png using Guid(cd98b3abc5012ec40b5a489bd6d1e5d2) Importer(815301076,1909f56bfc062723c751e8b465ee728b)  -> (artifact id: '46171d9ac665d4fbd45bb47654ad38fb') in 0.121459 seconds 
  Import took 0.148083 seconds .

========================================================================
Received Import Request.
  Time since last request: 7.748704 seconds.
  path: Assets/Sprite/player.png
  artifactKey: Guid(cd98b3abc5012ec40b5a489bd6d1e5d2) Importer(815301076,1909f56bfc062723c751e8b465ee728b)
Start importing Assets/Sprite/player.png using Guid(cd98b3abc5012ec40b5a489bd6d1e5d2) Importer(815301076,1909f56bfc062723c751e8b465ee728b)  -> (artifact id: '58464292de30cef9b582bc64eacebdb1') in 0.049572 seconds 
  Import took 0.052741 seconds .

========================================================================
Received Import Request.
  Time since last request: 9.895088 seconds.
  path: Assets/Sprite/player.png
  artifactKey: Guid(cd98b3abc5012ec40b5a489bd6d1e5d2) Importer(815301076,1909f56bfc062723c751e8b465ee728b)
Start importing Assets/Sprite/player.png using Guid(cd98b3abc5012ec40b5a489bd6d1e5d2) Importer(815301076,1909f56bfc062723c751e8b465ee728b)  -> (artifact id: '8faf72f2b2d06dfdd044eb80308ae59e') in 0.053031 seconds 
  Import took 0.056248 seconds .

========================================================================
Received Import Request.
  Time since last request: 243.958322 seconds.
  path: Assets/Scripts
  artifactKey: Guid(ee6deea87bbc70a4fb65f93a92bfdb16) Importer(815301076,1909f56bfc062723c751e8b465ee728b)
Start importing Assets/Scripts using Guid(ee6deea87bbc70a4fb65f93a92bfdb16) Importer(815301076,1909f56bfc062723c751e8b465ee728b)  -> (artifact id: 'a0c00916cb01e9668326762573648fdc') in 0.023556 seconds 
  Import took 0.027116 seconds .

========================================================================
Received Prepare
Registering precompiled user dll's ...
Registered in 0.003170 seconds.
Begin MonoManager ReloadAssembly
Native extension for WindowsStandalone target not found
Native extension for WebGL target not found
Refreshing native plugins compatible for Editor in 0.47 ms, found 3 plugins.
Preloading 0 native plugins for Editor in 0.00 ms.
Mono: successfully reloaded assembly
- Completed reload, in  0.905 seconds
Domain Reload Profiling:
	ReloadAssembly (906ms)
		BeginReloadAssembly (107ms)
			ExecutionOrderSort (0ms)
			DisableScriptedObjects (5ms)
			BackupInstance (0ms)
			ReleaseScriptingObjects (0ms)
			CreateAndSetChildDomain (38ms)
		EndReloadAssembly (744ms)
			LoadAssemblies (74ms)
			RebuildTransferFunctionScriptingTraits (0ms)
			SetupTypeCache (238ms)
			ReleaseScriptCaches (1ms)
			RebuildScriptCaches (35ms)
			SetupLoadedEditorAssemblies (311ms)
				LogAssemblyErrors (0ms)
				InitializePlatformSupportModulesInManaged (5ms)
				SetLoadedEditorAssemblies (0ms)
				RefreshPlugins (1ms)
				BeforeProcessingInitializeOnLoad (72ms)
				ProcessInitializeOnLoadAttributes (221ms)
				ProcessInitializeOnLoadMethodAttributes (5ms)
				AfterProcessingInitializeOnLoad (7ms)
				EditorAssembliesLoaded (0ms)
			ExecutionOrderSort2 (0ms)
			AwakeInstancesAfterBackupRestoration (9ms)
Platform modules already initialized, skipping
Refreshing native plugins compatible for Editor in 0.44 ms, found 3 plugins.
Preloading 0 native plugins for Editor in 0.00 ms.
Unloading 2085 Unused Serialized files (Serialized files now loaded: 0)
System memory in use before: 96.4 MB.
System memory in use after: 96.6 MB.

Unloading 16 unused Assets to reduce memory usage. Loaded Objects now: 2633.
Total: 2.151100 ms (FindLiveObjects: 0.190500 ms CreateObjectMapping: 0.057700 ms MarkObjects: 1.886700 ms  DeleteObjects: 0.015000 ms)

AssetImportParameters requested are different than current active one (requested -> active):
  custom:framework-win-MediaFoundation: 216162199b28c13a410421893ffa2e32 -> 
  custom:video-decoder-ogg-theora: a1e56fd34408186e4bbccfd4996cb3dc -> 
  custom:container-muxer-webm: aa71ff27fc2769a1b78a27578f13a17b -> 
  custom:container-demuxer-webm: 4f35f7cbe854078d1ac9338744f61a02 -> 
  custom:container-demuxer-ogg: 62fdf1f143b41e24485cea50d1cbac27 -> 
  custom:video-encoder-webm-vp8: eb34c28f22e8b96e1ab97ce403110664 -> 
  custom:video-codec-MediaFoundation-h265: 746d11721c4dcdbdad8f713fa42b33f4 -> 
  custom:video-decoder-webm-vp8: 9c59270c3fd7afecdb556c50c9e8de78 -> 
  custom:audio-decoder-ogg-vorbis: bf7c407c2cedff20999df2af8eb42d56 -> 
  custom:audio-encoder-webm-vorbis: bf7c407c2cedff20999df2af8eb42d56 -> 
========================================================================
Received Import Request.
  Time since last request: 30.423273 seconds.
  path: Assets/Scenes/SampleScene.unity
  artifactKey: Guid(2cda990e2423bbf4892e6590ba056729) Importer(815301076,1909f56bfc062723c751e8b465ee728b)
Start importing Assets/Scenes/SampleScene.unity using Guid(2cda990e2423bbf4892e6590ba056729) Importer(815301076,1909f56bfc062723c751e8b465ee728b)  -> (artifact id: 'abf3aeff0ef7a116190bb3312fd6ab0f') in 0.033249 seconds 
  Import took 0.036446 seconds .

========================================================================
Received Prepare
Registering precompiled user dll's ...
Registered in 0.002939 seconds.
Begin MonoManager ReloadAssembly
Native extension for WindowsStandalone target not found
Native extension for WebGL target not found
Refreshing native plugins compatible for Editor in 0.48 ms, found 3 plugins.
Preloading 0 native plugins for Editor in 0.00 ms.
Mono: successfully reloaded assembly
- Completed reload, in  0.894 seconds
Domain Reload Profiling:
	ReloadAssembly (894ms)
		BeginReloadAssembly (99ms)
			ExecutionOrderSort (0ms)
			DisableScriptedObjects (6ms)
			BackupInstance (0ms)
			ReleaseScriptingObjects (0ms)
			CreateAndSetChildDomain (27ms)
		EndReloadAssembly (741ms)
			LoadAssemblies (73ms)
			RebuildTransferFunctionScriptingTraits (0ms)
			SetupTypeCache (234ms)
			ReleaseScriptCaches (1ms)
			RebuildScriptCaches (37ms)
			SetupLoadedEditorAssemblies (312ms)
				LogAssemblyErrors (0ms)
				InitializePlatformSupportModulesInManaged (5ms)
				SetLoadedEditorAssemblies (0ms)
				RefreshPlugins (1ms)
				BeforeProcessingInitializeOnLoad (75ms)
				ProcessInitializeOnLoadAttributes (222ms)
				ProcessInitializeOnLoadMethodAttributes (4ms)
				AfterProcessingInitializeOnLoad (5ms)
				EditorAssembliesLoaded (0ms)
			ExecutionOrderSort2 (0ms)
			AwakeInstancesAfterBackupRestoration (8ms)
Platform modules already initialized, skipping
Refreshing native plugins compatible for Editor in 0.39 ms, found 3 plugins.
Preloading 0 native plugins for Editor in 0.00 ms.
Unloading 2085 Unused Serialized files (Serialized files now loaded: 0)
System memory in use before: 96.5 MB.
System memory in use after: 96.6 MB.

Unloading 16 unused Assets to reduce memory usage. Loaded Objects now: 2637.
Total: 2.097400 ms (FindLiveObjects: 0.200900 ms CreateObjectMapping: 0.058800 ms MarkObjects: 1.823700 ms  DeleteObjects: 0.012800 ms)

AssetImportParameters requested are different than current active one (requested -> active):
  custom:framework-win-MediaFoundation: 216162199b28c13a410421893ffa2e32 -> 
  custom:video-decoder-ogg-theora: a1e56fd34408186e4bbccfd4996cb3dc -> 
  custom:container-muxer-webm: aa71ff27fc2769a1b78a27578f13a17b -> 
  custom:container-demuxer-webm: 4f35f7cbe854078d1ac9338744f61a02 -> 
  custom:container-demuxer-ogg: 62fdf1f143b41e24485cea50d1cbac27 -> 
  custom:video-encoder-webm-vp8: eb34c28f22e8b96e1ab97ce403110664 -> 
  custom:video-codec-MediaFoundation-h265: 746d11721c4dcdbdad8f713fa42b33f4 -> 
  custom:video-decoder-webm-vp8: 9c59270c3fd7afecdb556c50c9e8de78 -> 
  custom:audio-decoder-ogg-vorbis: bf7c407c2cedff20999df2af8eb42d56 -> 
  custom:audio-encoder-webm-vorbis: bf7c407c2cedff20999df2af8eb42d56 -> 
========================================================================
Received Import Request.
  Time since last request: 2115.724092 seconds.
  path: Assets/Sprite/export-0003.png
  artifactKey: Guid(bd359ad2835d98f4793b932e6f545b1a) Importer(815301076,1909f56bfc062723c751e8b465ee728b)
Start importing Assets/Sprite/export-0003.png using Guid(bd359ad2835d98f4793b932e6f545b1a) Importer(815301076,1909f56bfc062723c751e8b465ee728b)  -> (artifact id: '9afea6f551f402c8a3c1de1cc77392a8') in 0.055945 seconds 
  Import took 0.059616 seconds .

========================================================================
Received Import Request.
  Time since last request: 91.621066 seconds.
  path: Assets/Sprite/export-0004.png
  artifactKey: Guid(4f68a0ff1284d2948a5c757bc64882b3) Importer(815301076,1909f56bfc062723c751e8b465ee728b)
Start importing Assets/Sprite/export-0004.png using Guid(4f68a0ff1284d2948a5c757bc64882b3) Importer(815301076,1909f56bfc062723c751e8b465ee728b)  -> (artifact id: 'bb845554d033d4b8aefe8897f618d201') in 0.040751 seconds 
  Import took 0.043995 seconds .

========================================================================
Received Import Request.
  Time since last request: 8.627773 seconds.
  path: Assets/Sprite/export-0004.png
  artifactKey: Guid(4f68a0ff1284d2948a5c757bc64882b3) Importer(815301076,1909f56bfc062723c751e8b465ee728b)
Start importing Assets/Sprite/export-0004.png using Guid(4f68a0ff1284d2948a5c757bc64882b3) Importer(815301076,1909f56bfc062723c751e8b465ee728b)  -> (artifact id: 'acd60ddb3ef9e3ff5d89e8ee0e965255') in 0.097253 seconds 
  Import took 0.100425 seconds .

========================================================================
Received Import Request.
  Time since last request: 42.407492 seconds.
  path: Assets/Prefabs/enemy stronger Variant.prefab
  artifactKey: Guid(6f1bd2dad4fc04048912e92a828e88cd) Importer(815301076,1909f56bfc062723c751e8b465ee728b)
Start importing Assets/Prefabs/enemy stronger Variant.prefab using Guid(6f1bd2dad4fc04048912e92a828e88cd) Importer(815301076,1909f56bfc062723c751e8b465ee728b)  -> (artifact id: 'f1106ce193322b382209bbfc4d5b3459') in 0.047716 seconds 
  Import took 0.050909 seconds .

========================================================================
Received Import Request.
  Time since last request: 3.375865 seconds.
  path: Assets/Prefabs/enemy stronger Variant.prefab
  artifactKey: Guid(6f1bd2dad4fc04048912e92a828e88cd) Importer(815301076,1909f56bfc062723c751e8b465ee728b)
Start importing Assets/Prefabs/enemy stronger Variant.prefab using Guid(6f1bd2dad4fc04048912e92a828e88cd) Importer(815301076,1909f56bfc062723c751e8b465ee728b)  -> (artifact id: '68fdf677eeee3a696f056d2a91a92290') in 0.034681 seconds 
  Import took 0.037838 seconds .

========================================================================
Received Import Request.
  Time since last request: 15.690440 seconds.
  path: Assets/Sprite/export-0004.png
  artifactKey: Guid(4f68a0ff1284d2948a5c757bc64882b3) Importer(815301076,1909f56bfc062723c751e8b465ee728b)
Start importing Assets/Sprite/export-0004.png using Guid(4f68a0ff1284d2948a5c757bc64882b3) Importer(815301076,1909f56bfc062723c751e8b465ee728b)  -> (artifact id: 'ce8a412d090b9188b7d6f987d19e5eff') in 0.047326 seconds 
  Import took 0.050495 seconds .

========================================================================
Received Import Request.
  Time since last request: 72.256303 seconds.
  path: Assets/Sprite/elite demon.png
  artifactKey: Guid(4f68a0ff1284d2948a5c757bc64882b3) Importer(815301076,1909f56bfc062723c751e8b465ee728b)
Start importing Assets/Sprite/elite demon.png using Guid(4f68a0ff1284d2948a5c757bc64882b3) Importer(815301076,1909f56bfc062723c751e8b465ee728b)  -> (artifact id: '0003b3de795e0c4ce4ab66946dea0443') in 0.055498 seconds 
  Import took 0.058589 seconds .

AssetImportWorkerClient::OnTransportError - code=2 error=End of file
